# JRE version: OpenJDK Runtime Environment (8.0_212) (build 1.8.0_212-release-1586-b4-5784211)
# Java VM: OpenJDK 64-Bit Server VM (25.212-b4-5784211 mixed mode bsd-amd64 compressed oops)
Heap:
 PSYoungGen      total 40960K, used 160K [0x00000007a0000000, 0x00000007a2f00000, 0x00000007c0000000)
  eden space 35840K, 0% used [0x00000007a0000000,0x00000007a0000000,0x00000007a2300000)
  from space 5120K, 3% used [0x00000007a2800000,0x00000007a2828000,0x00000007a2d00000)
  to   space 5120K, 0% used [0x00000007a2300000,0x00000007a2300000,0x00000007a2800000)
 ParOldGen       total 28160K, used 17785K [0x0000000760000000, 0x0000000761b80000, 0x00000007a0000000)
  object space 28160K, 63% used [0x0000000760000000,0x000000076115e788,0x0000000761b80000)
 Metaspace       used 34641K, capacity 35412K, committed 35496K, reserved 1079296K
  class space    used 4780K, capacity 5007K, committed 5032K, reserved 1048576K
GC Heap History (10 events):
Event: 25.564 GC heap after
Heap after GC invocations=19 (full 1):
 PSYoungGen      total 25600K, used 1453K [0x00000007a0000000, 0x00000007a1e80000, 0x00000007c0000000)
  eden space 20992K, 0% used [0x00000007a0000000,0x00000007a0000000,0x00000007a1480000)
  from space 4608K, 31% used [0x00000007a1a00000,0x00000007a1b6b500,0x00000007a1e80000)
  to   space 5120K, 0% used [0x00000007a1480000,0x00000007a1480000,0x00000007a1980000)
 ParOldGen       total 28160K, used 13672K [0x0000000760000000, 0x0000000761b80000, 0x00000007a0000000)
  object space 28160K, 48% used [0x0000000760000000,0x0000000760d5a018,0x0000000761b80000)
 Metaspace       used 31456K, capacity 32042K, committed 32256K, reserved 1077248K
  class space    used 4319K, capacity 4526K, committed 4608K, reserved 1048576K
}
Event: 26.038 GC heap before
{Heap before GC invocations=20 (full 1):
 PSYoungGen      total 25600K, used 22445K [0x00000007a0000000, 0x00000007a1e80000, 0x00000007c0000000)
  eden space 20992K, 100% used [0x00000007a0000000,0x00000007a1480000,0x00000007a1480000)
  from space 4608K, 31% used [0x00000007a1a00000,0x00000007a1b6b500,0x00000007a1e80000)
  to   space 5120K, 0% used [0x00000007a1480000,0x00000007a1480000,0x00000007a1980000)
 ParOldGen       total 28160K, used 13672K [0x0000000760000000, 0x0000000761b80000, 0x00000007a0000000)
  object space 28160K, 48% used [0x0000000760000000,0x0000000760d5a018,0x0000000761b80000)
 Metaspace       used 32396K, capacity 32874K, committed 33152K, reserved 1077248K
  class space    used 4455K, capacity 4654K, committed 4736K, reserved 1048576K
Event: 26.044 GC heap after
Heap after GC invocations=20 (full 1):
 PSYoungGen      total 26112K, used 1605K [0x00000007a0000000, 0x00000007a2500000, 0x00000007c0000000)
  eden space 20992K, 0% used [0x00000007a0000000,0x00000007a0000000,0x00000007a1480000)
  from space 5120K, 31% used [0x00000007a1480000,0x00000007a16114c0,0x00000007a1980000)
  to   space 5120K, 0% used [0x00000007a2000000,0x00000007a2000000,0x00000007a2500000)
 ParOldGen       total 28160K, used 14047K [0x0000000760000000, 0x0000000761b80000, 0x00000007a0000000)
  object space 28160K, 49% used [0x0000000760000000,0x0000000760db7eb8,0x0000000761b80000)
 Metaspace       used 32396K, capacity 32874K, committed 33152K, reserved 1077248K
  class space    used 4455K, capacity 4654K, committed 4736K, reserved 1048576K
}
Event: 27.301 GC heap before
{Heap before GC invocations=21 (full 1):
 PSYoungGen      total 26112K, used 22597K [0x00000007a0000000, 0x00000007a2500000, 0x00000007c0000000)
  eden space 20992K, 100% used [0x00000007a0000000,0x00000007a1480000,0x00000007a1480000)
  from space 5120K, 31% used [0x00000007a1480000,0x00000007a16114c0,0x00000007a1980000)
  to   space 5120K, 0% used [0x00000007a2000000,0x00000007a2000000,0x00000007a2500000)
 ParOldGen       total 28160K, used 14047K [0x0000000760000000, 0x0000000761b80000, 0x00000007a0000000)
  object space 28160K, 49% used [0x0000000760000000,0x0000000760db7eb8,0x0000000761b80000)
 Metaspace       used 33628K, capacity 34316K, committed 34560K, reserved 1079296K
  class space    used 4624K, capacity 4811K, committed 4864K, reserved 1048576K
Event: 27.308 GC heap after
Heap after GC invocations=21 (full 1):
 PSYoungGen      total 32768K, used 2021K [0x00000007a0000000, 0x00000007a2500000, 0x00000007c0000000)
  eden space 27648K, 0% used [0x00000007a0000000,0x00000007a0000000,0x00000007a1b00000)
  from space 5120K, 39% used [0x00000007a2000000,0x00000007a21f9620,0x00000007a2500000)
  to   space 5120K, 0% used [0x00000007a1b00000,0x00000007a1b00000,0x00000007a2000000)
 ParOldGen       total 28160K, used 14471K [0x0000000760000000, 0x0000000761b80000, 0x00000007a0000000)
  object space 28160K, 51% used [0x0000000760000000,0x0000000760e21eb8,0x0000000761b80000)
 Metaspace       used 33628K, capacity 34316K, committed 34560K, reserved 1079296K
  class space    used 4624K, capacity 4811K, committed 4864K, reserved 1048576K
}
Event: 30.116 GC heap before
{Heap before GC invocations=22 (full 1):
 PSYoungGen      total 32768K, used 29669K [0x00000007a0000000, 0x00000007a2500000, 0x00000007c0000000)
  eden space 27648K, 100% used [0x00000007a0000000,0x00000007a1b00000,0x00000007a1b00000)
  from space 5120K, 39% used [0x00000007a2000000,0x00000007a21f9620,0x00000007a2500000)
  to   space 5120K, 0% used [0x00000007a1b00000,0x00000007a1b00000,0x00000007a2000000)
 ParOldGen       total 28160K, used 14471K [0x0000000760000000, 0x0000000761b80000, 0x00000007a0000000)
  object space 28160K, 51% used [0x0000000760000000,0x0000000760e21eb8,0x0000000761b80000)
 Metaspace       used 34625K, capacity 35412K, committed 35496K, reserved 1079296K
  class space    used 4777K, capacity 5007K, committed 5032K, reserved 1048576K
Event: 30.126 GC heap after
Heap after GC invocations=22 (full 1):
 PSYoungGen      total 32768K, used 3217K [0x00000007a0000000, 0x00000007a2d00000, 0x00000007c0000000)
  eden space 27648K, 0% used [0x00000007a0000000,0x00000007a0000000,0x00000007a1b00000)
  from space 5120K, 62% used [0x00000007a1b00000,0x00000007a1e246d8,0x00000007a2000000)
  to   space 5120K, 0% used [0x00000007a2800000,0x00000007a2800000,0x00000007a2d00000)
 ParOldGen       total 28160K, used 15491K [0x0000000760000000, 0x0000000761b80000, 0x00000007a0000000)
  object space 28160K, 55% used [0x0000000760000000,0x0000000760f20ee8,0x0000000761b80000)
 Metaspace       used 34625K, capacity 35412K, committed 35496K, reserved 1079296K
  class space    used 4777K, capacity 5007K, committed 5032K, reserved 1048576K
}
Event: 30.173 GC heap before
{Heap before GC invocations=23 (full 1):
 PSYoungGen      total 32768K, used 3727K [0x00000007a0000000, 0x00000007a2d00000, 0x00000007c0000000)
  eden space 27648K, 1% used [0x00000007a0000000,0x00000007a007f768,0x00000007a1b00000)
  from space 5120K, 62% used [0x00000007a1b00000,0x00000007a1e246d8,0x00000007a2000000)
  to   space 5120K, 0% used [0x00000007a2800000,0x00000007a2800000,0x00000007a2d00000)
 ParOldGen       total 28160K, used 15491K [0x0000000760000000, 0x0000000761b80000, 0x00000007a0000000)
  object space 28160K, 55% used [0x0000000760000000,0x0000000760f20ee8,0x0000000761b80000)
 Metaspace       used 34641K, capacity 35412K, committed 35496K, reserved 1079296K
  class space    used 4780K, capacity 5007K, committed 5032K, reserved 1048576K
Event: 30.178 GC heap after
Heap after GC invocations=23 (full 1):
 PSYoungGen      total 40960K, used 160K [0x00000007a0000000, 0x00000007a2f00000, 0x00000007c0000000)
  eden space 35840K, 0% used [0x00000007a0000000,0x00000007a0000000,0x00000007a2300000)
  from space 5120K, 3% used [0x00000007a2800000,0x00000007a2828000,0x00000007a2d00000)
  to   space 5120K, 0% used [0x00000007a2300000,0x00000007a2300000,0x00000007a2800000)
 ParOldGen       total 28160K, used 17785K [0x0000000760000000, 0x0000000761b80000, 0x00000007a0000000)
  object space 28160K, 63% used [0x0000000760000000,0x000000076115e788,0x0000000761b80000)
 Metaspace       used 34641K, capacity 35412K, committed 35496K, reserved 1079296K
  class space    used 4780K, capacity 5007K, committed 5032K, reserved 1048576K
}
Event: 30.178 GC heap before
{Heap before GC invocations=24 (full 2):
 PSYoungGen      total 40960K, used 160K [0x00000007a0000000, 0x00000007a2f00000, 0x00000007c0000000)
  eden space 35840K, 0% used [0x00000007a0000000,0x00000007a0000000,0x00000007a2300000)
  from space 5120K, 3% used [0x00000007a2800000,0x00000007a2828000,0x00000007a2d00000)
  to   space 5120K, 0% used [0x00000007a2300000,0x00000007a2300000,0x00000007a2800000)
 ParOldGen       total 28160K, used 17785K [0x0000000760000000, 0x0000000761b80000, 0x00000007a0000000)
  object space 28160K, 63% used [0x0000000760000000,0x000000076115e788,0x0000000761b80000)
 Metaspace       used 34641K, capacity 35412K, committed 35496K, reserved 1079296K
  class space    used 4780K, capacity 5007K, committed 5032K, reserved 1048576K

